<?xml version="1.0" encoding="UTF-8"?>
<testng-results ignored="0" total="5" passed="5" failed="0" skipped="0">
  <reporter-output>
  </reporter-output>
  <suite started-at="2023-06-26T10:44:20 CEST" name="BDD Test Suite" finished-at="2023-06-26T10:45:17 CEST" duration-ms="56946">
    <groups>
      <group name="cucumber">
        <method signature="AbstractTestNGCucumberTests.runScenario(io.cucumber.testng.PickleWrapper,io.cucumber.testng.FeatureWrapper)[pri:0, instance:com.publicidad.digital.runner.TestNGRunner@385c9627]" name="runScenario" class="io.cucumber.testng.AbstractTestNGCucumberTests"/>
      </group> <!-- cucumber -->
    </groups>
    <test started-at="2023-06-26T10:44:20 CEST" name="Cucumber Tests" finished-at="2023-06-26T10:45:17 CEST" duration-ms="56946">
      <class name="com.publicidad.digital.runner.TestNGRunner">
        <test-method is-config="true" signature="prepareFilesAndDirectories()[pri:0, instance:com.publicidad.digital.runner.TestNGRunner@385c9627]" started-at="2023-06-26T10:44:20 CEST" name="prepareFilesAndDirectories" finished-at="2023-06-26T10:44:20 CEST" duration-ms="38" status="PASS">
          <reporter-output>
          </reporter-output>
        </test-method> <!-- prepareFilesAndDirectories -->
        <test-method is-config="true" signature="setUpClass(org.testng.ITestContext)[pri:0, instance:com.publicidad.digital.runner.TestNGRunner@385c9627]" started-at="2023-06-26T10:44:20 CEST" name="setUpClass" finished-at="2023-06-26T10:44:21 CEST" duration-ms="510" status="PASS">
          <params>
            <param index="0">
              <value>
                <![CDATA[org.testng.TestRunner@6c13019c]]>
              </value>
            </param>
          </params>
          <reporter-output>
          </reporter-output>
        </test-method> <!-- setUpClass -->
        <test-method signature="runScenario(io.cucumber.testng.PickleWrapper,io.cucumber.testng.FeatureWrapper)[pri:0, instance:com.publicidad.digital.runner.TestNGRunner@385c9627]" started-at="2023-06-26T10:44:21 CEST" name="runScenario" description="Runs Cucumber Scenarios" data-provider="scenarios" finished-at="2023-06-26T10:44:53 CEST" duration-ms="32599" status="PASS">
          <params>
            <param index="0">
              <value>
                <![CDATA["CP01. Comprobar respuestas y tamaños de las peticiones de publicidad en la portada de AS"]]>
              </value>
            </param>
            <param index="1">
              <value>
                <![CDATA["01. Casos de prueba de publicidad sobre las portadas de las unidades de negocio"]]>
              </value>
            </param>
          </params>
          <reporter-output>
          </reporter-output>
        </test-method> <!-- runScenario -->
        <test-method signature="runScenario(io.cucumber.testng.PickleWrapper,io.cucumber.testng.FeatureWrapper)[pri:0, instance:com.publicidad.digital.runner.TestNGRunner@385c9627]" started-at="2023-06-26T10:44:53 CEST" name="runScenario" description="Runs Cucumber Scenarios" data-provider="scenarios" finished-at="2023-06-26T10:45:16 CEST" duration-ms="22619" status="PASS">
          <params>
            <param index="0">
              <value>
                <![CDATA["CP01. Comprobar respuestas y tamaños de las peticiones de publicidad en un artículo de AS"]]>
              </value>
            </param>
            <param index="1">
              <value>
                <![CDATA["02. Casos de prueba de publicidad sobre los artículos de las unidades de negocio"]]>
              </value>
            </param>
          </params>
          <reporter-output>
          </reporter-output>
        </test-method> <!-- runScenario -->
        <test-method is-config="true" signature="tearDownClass()[pri:0, instance:com.publicidad.digital.runner.TestNGRunner@385c9627]" started-at="2023-06-26T10:45:16 CEST" name="tearDownClass" finished-at="2023-06-26T10:45:17 CEST" duration-ms="1139" status="PASS">
          <reporter-output>
          </reporter-output>
        </test-method> <!-- tearDownClass -->
        <test-method is-config="true" signature="createFinalFilesAndSendMail()[pri:0, instance:com.publicidad.digital.runner.TestNGRunner@385c9627]" started-at="2023-06-26T10:45:17 CEST" name="createFinalFilesAndSendMail" finished-at="2023-06-26T10:45:17 CEST" duration-ms="3" status="PASS">
          <reporter-output>
          </reporter-output>
        </test-method> <!-- createFinalFilesAndSendMail -->
      </class> <!-- com.publicidad.digital.runner.TestNGRunner -->
    </test> <!-- Cucumber Tests -->
  </suite> <!-- BDD Test Suite -->
</testng-results>
